Starting at Wed Jun  7 11:30:29 PM UTC 2023
Current working directory is /home/leonkl/cme-213/final_project
The master node of this job is: icmet01
Number of compute nodes: 1
Compute node names: icmet01
Using 4 tasks per node.
Number of CPUs on node: 4.
----------------

* Mode 1 *
mpirun -np 2 ./main -g 1
Number of MPI processes         2
Number of CUDA devices          4
Grading mode on; grading mode   1
Number of neurons            1000
Number of epochs               40
Batch size                    800
Regularization      9.9999997e-05
Learning rate       0.00050000002
The sequential code is not run
The debug option is on
The output directory is ./Outputs
The CPU results are loaded from ./cpu_results
Loading training data
Training data information:
Size of x_train, N =  60000
Size of label_train = 60000
Loading testing data

Start Parallel Training
The error in the GPU calculation during training is saved to ./Outputs/CpuGpuDiff-2-1.txt
Loss at iteration 0 of epoch 0/40 = 2.32892
Loading CPU data W0 from file ./cpu_results/seq_epoch-W0-0-1.mat
Loading CPU data W1 from file ./cpu_results/seq_epoch-W1-0-1.mat
Loading CPU data b0 from file ./cpu_results/seq_epoch-b0-0-1.mat
Loading CPU data b1 from file ./cpu_results/seq_epoch-b1-0-1.mat
Loss at iteration 600 of epoch 8/40 = 2.3353
Loading CPU data W0 from file ./cpu_results/seq_epoch-W0-600-1.mat
Loading CPU data W1 from file ./cpu_results/seq_epoch-W1-600-1.mat
Loading CPU data b0 from file ./cpu_results/seq_epoch-b0-600-1.mat
Loading CPU data b1 from file ./cpu_results/seq_epoch-b1-600-1.mat
Loss at iteration 1200 of epoch 17/40 = 2.32842
Loading CPU data W0 from file ./cpu_results/seq_epoch-W0-1200-1.mat
Loading CPU data W1 from file ./cpu_results/seq_epoch-W1-1200-1.mat
Loading CPU data b0 from file ./cpu_results/seq_epoch-b0-1200-1.mat
Loading CPU data b1 from file ./cpu_results/seq_epoch-b1-1200-1.mat
Loss at iteration 1800 of epoch 26/40 = 2.33088
Loading CPU data W0 from file ./cpu_results/seq_epoch-W0-1800-1.mat
Loading CPU data W1 from file ./cpu_results/seq_epoch-W1-1800-1.mat
Loading CPU data b0 from file ./cpu_results/seq_epoch-b0-1800-1.mat
Loading CPU data b1 from file ./cpu_results/seq_epoch-b1-1800-1.mat
Loss at iteration 2400 of epoch 35/40 = 2.31808
Loading CPU data W0 from file ./cpu_results/seq_epoch-W0-2400-1.mat
Loading CPU data W1 from file ./cpu_results/seq_epoch-W1-2400-1.mat
Loading CPU data b0 from file ./cpu_results/seq_epoch-b0-2400-1.mat
Loading CPU data b1 from file ./cpu_results/seq_epoch-b1-2400-1.mat
Time for Parallel Training: 18.8764 seconds
Precision on validation set for parallel training =   0.0793333351612091
Precision on testing set for parallel training =   0.0711999982595444

Checking for correctness...
Loading from file ./cpu_results/seq_nn-W0-1.mat
Loading from file ./cpu_results/seq_nn-b0-1.mat
Loading from file ./cpu_results/seq_nn-W1-1.mat
Loading from file ./cpu_results/seq_nn-b1-1.mat

The error in the GPU DNN at the completion of training is saved to ./Outputs/NNErrors-2-1.txt
Correctness test failed
Correctness test failed
Max norm of diff b/w seq and par: W[0]: 0.121807, b[0]: 1
l2  norm of diff b/w seq and par: W[0]: 0.547741, b[0]: 1
Correctness test failed
Correctness test failed
Max norm of diff b/w seq and par: W[1]: 0.620351, b[1]: 1
l2  norm of diff b/w seq and par: W[1]: 0.706731, b[1]: 1

* Mode 2 *
mpirun -np 2 ./main -g 2
Number of MPI processes         2
Number of CUDA devices          4
Grading mode on; grading mode   2
Number of neurons            1000
Number of epochs               10
Batch size                    800
Regularization      9.9999997e-05
Learning rate               0.001
The sequential code is not run
The debug option is on
The output directory is ./Outputs
The CPU results are loaded from ./cpu_results
Loading training data
Training data information:
Size of x_train, N =  60000
Size of label_train = 60000
Loading testing data

Start Parallel Training
The error in the GPU calculation during training is saved to ./Outputs/CpuGpuDiff-2-2.txt
Loss at iteration 0 of epoch 0/10 = 2.32892
Loading CPU data W0 from file ./cpu_results/seq_epoch-W0-0-2.mat
Loading CPU data W1 from file ./cpu_results/seq_epoch-W1-0-2.mat
Loading CPU data b0 from file ./cpu_results/seq_epoch-b0-0-2.mat
Loading CPU data b1 from file ./cpu_results/seq_epoch-b1-0-2.mat
Loss at iteration 150 of epoch 2/10 = 2.32281
Loading CPU data W0 from file ./cpu_results/seq_epoch-W0-150-2.mat
Loading CPU data W1 from file ./cpu_results/seq_epoch-W1-150-2.mat
Loading CPU data b0 from file ./cpu_results/seq_epoch-b0-150-2.mat
Loading CPU data b1 from file ./cpu_results/seq_epoch-b1-150-2.mat
Loss at iteration 300 of epoch 4/10 = 2.33562
Loading CPU data W0 from file ./cpu_results/seq_epoch-W0-300-2.mat
Loading CPU data W1 from file ./cpu_results/seq_epoch-W1-300-2.mat
Loading CPU data b0 from file ./cpu_results/seq_epoch-b0-300-2.mat
Loading CPU data b1 from file ./cpu_results/seq_epoch-b1-300-2.mat
Loss at iteration 450 of epoch 6/10 = 2.33926
Loading CPU data W0 from file ./cpu_results/seq_epoch-W0-450-2.mat
Loading CPU data W1 from file ./cpu_results/seq_epoch-W1-450-2.mat
Loading CPU data b0 from file ./cpu_results/seq_epoch-b0-450-2.mat
Loading CPU data b1 from file ./cpu_results/seq_epoch-b1-450-2.mat
Loss at iteration 600 of epoch 8/10 = 2.3353
Loading CPU data W0 from file ./cpu_results/seq_epoch-W0-600-2.mat
Loading CPU data W1 from file ./cpu_results/seq_epoch-W1-600-2.mat
Loading CPU data b0 from file ./cpu_results/seq_epoch-b0-600-2.mat
Loading CPU data b1 from file ./cpu_results/seq_epoch-b1-600-2.mat
Time for Parallel Training: 6.2034 seconds
Precision on validation set for parallel training =   0.0793333351612091
Precision on testing set for parallel training =   0.0711999982595444

Checking for correctness...
Loading from file ./cpu_results/seq_nn-W0-2.mat
Loading from file ./cpu_results/seq_nn-b0-2.mat
Loading from file ./cpu_results/seq_nn-W1-2.mat
Loading from file ./cpu_results/seq_nn-b1-2.mat

The error in the GPU DNN at the completion of training is saved to ./Outputs/NNErrors-2-2.txt
Correctness test failed
Correctness test failed
Max norm of diff b/w seq and par: W[0]: 0.0950141, b[0]: 1
l2  norm of diff b/w seq and par: W[0]: 0.449642, b[0]: 1
Correctness test failed
Correctness test failed
Max norm of diff b/w seq and par: W[1]: 0.541254, b[1]: 1
l2  norm of diff b/w seq and par: W[1]: 0.623423, b[1]: 1

* Mode 3 *
mpirun -np 2 ./main -g 3
Number of MPI processes         2
Number of CUDA devices          4
Grading mode on; grading mode   3
Number of neurons            1000
Number of epochs                1
Batch size                    800
Regularization      9.9999997e-05
Learning rate        0.0020000001
The sequential code is not run
The debug option is on
The output directory is ./Outputs
The CPU results are loaded from ./cpu_results
Loading training data
Training data information:
Size of x_train, N =  60000
Size of label_train = 60000
Loading testing data

Start Parallel Training
The error in the GPU calculation during training is saved to ./Outputs/CpuGpuDiff-2-3.txt
Loss at iteration 0 of epoch 0/1 = 2.32892
Loading CPU data W0 from file ./cpu_results/seq_epoch-W0-0-3.mat
Loading CPU data W1 from file ./cpu_results/seq_epoch-W1-0-3.mat
Loading CPU data b0 from file ./cpu_results/seq_epoch-b0-0-3.mat
Loading CPU data b1 from file ./cpu_results/seq_epoch-b1-0-3.mat
Loss at iteration 15 of epoch 0/1 = 2.32543
Loading CPU data W0 from file ./cpu_results/seq_epoch-W0-15-3.mat
Loading CPU data W1 from file ./cpu_results/seq_epoch-W1-15-3.mat
Loading CPU data b0 from file ./cpu_results/seq_epoch-b0-15-3.mat
Loading CPU data b1 from file ./cpu_results/seq_epoch-b1-15-3.mat
Loss at iteration 30 of epoch 0/1 = 2.31568
Loading CPU data W0 from file ./cpu_results/seq_epoch-W0-30-3.mat
Loading CPU data W1 from file ./cpu_results/seq_epoch-W1-30-3.mat
Loading CPU data b0 from file ./cpu_results/seq_epoch-b0-30-3.mat
Loading CPU data b1 from file ./cpu_results/seq_epoch-b1-30-3.mat
Loss at iteration 45 of epoch 0/1 = 2.34301
Loading CPU data W0 from file ./cpu_results/seq_epoch-W0-45-3.mat
Loading CPU data W1 from file ./cpu_results/seq_epoch-W1-45-3.mat
Loading CPU data b0 from file ./cpu_results/seq_epoch-b0-45-3.mat
Loading CPU data b1 from file ./cpu_results/seq_epoch-b1-45-3.mat
Loss at iteration 60 of epoch 0/1 = 2.33239
Loading CPU data W0 from file ./cpu_results/seq_epoch-W0-60-3.mat
Loading CPU data W1 from file ./cpu_results/seq_epoch-W1-60-3.mat
Loading CPU data b0 from file ./cpu_results/seq_epoch-b0-60-3.mat
Loading CPU data b1 from file ./cpu_results/seq_epoch-b1-60-3.mat
Time for Parallel Training: 2.29865 seconds
Precision on validation set for parallel training =   0.0793333351612091
Precision on testing set for parallel training =   0.0711999982595444

Checking for correctness...
Loading from file ./cpu_results/seq_nn-W0-3.mat
Loading from file ./cpu_results/seq_nn-b0-3.mat
Loading from file ./cpu_results/seq_nn-W1-3.mat
Loading from file ./cpu_results/seq_nn-b1-3.mat

The error in the GPU DNN at the completion of training is saved to ./Outputs/NNErrors-2-3.txt
Correctness test failed
Correctness test failed
Max norm of diff b/w seq and par: W[0]: 0.0490527, b[0]: 1
l2  norm of diff b/w seq and par: W[0]: 0.166881, b[0]: 1
Correctness test failed
Correctness test failed
Max norm of diff b/w seq and par: W[1]: 0.256758, b[1]: 1
l2  norm of diff b/w seq and par: W[1]: 0.282724, b[1]: 1

*** Summary ***

2400           0.116929       0.605935       1              1              0.533637       0.695057       1              1              
600            0.0915255      0.52433        1              1              0.426798       0.602099       1              1              
60             0.0457625      0.237545       1              1              0.154084       0.260981       1              1              

*** Grading mode 4 ***

main -g 4
Number of MPI processes         4
Number of CUDA devices          4

Entering GEMM Benchmarking mode! Stand by.

Starting GEMM 1: M = 8003; N = 10000; K = 7840
GEMM matched with reference successfully! Rel diff = 4.99265e-08
Time for reference GEMM implementation: 0.490289 seconds
Time for my GEMM implementation: 4.96415 seconds
Completed GEMM 1

Starting GEMM 2: M = 8000; N = 1000; K = 10000
GEMM matched with reference successfully! Rel diff = 5.08913e-08
Time for reference GEMM implementation: 0.0633436 seconds
Time for my GEMM implementation: 0.698389 seconds
Completed GEMM 2

Starting GEMM 3: M = 8000; N = 100; K = 10000
GEMM matched with reference successfully! Rel diff = 1.07542e-06
Time for reference GEMM implementation: 0.00815672 seconds
Time for my GEMM implementation: 0.0857839 seconds
Completed GEMM 3

*** Tests are complete ***
